platforms/android/bms-android-sdk/build/outputs/logs/manifest-merger-release-report.txt
-- Merging decision tree log ---
manifest
ADDED from src/main/AndroidManifest.xml:1:1-61:12
INJECTED from src/main/AndroidManifest.xml:1:1-61:12
INJECTED from src/main/AndroidManifest.xml:1:1-61:12
INJECTED from src/main/AndroidManifest.xml:1:1-61:12
INJECTED from src/main/AndroidManifest.xml:1:1-61:12
INJECTED from src/main/AndroidManifest.xml:1:1-61:12
INJECTED from src/main/AndroidManifest.xml:1:1-61:12
	package
		ADDED from src/main/AndroidManifest.xml:2:3-38
		INJECTED from src/main/AndroidManifest.xml
		INJECTED from src/main/AndroidManifest.xml
	android:versionName
		INJECTED from src/main/AndroidManifest.xml
		ADDED from src/main/AndroidManifest.xml:1:1-61:12
		INJECTED from src/main/AndroidManifest.xml
	android:versionCode
		INJECTED from src/main/AndroidManifest.xml
		ADDED from src/main/AndroidManifest.xml:1:1-61:12
		INJECTED from src/main/AndroidManifest.xml
	xmlns:android
		ADDED from src/main/AndroidManifest.xml:1:11-69
uses-feature#android.hardware.bluetooth_le
ADDED from src/main/AndroidManifest.xml:4:3-6:31
	android:required
		ADDED from src/main/AndroidManifest.xml:6:5-28
	android:name
		ADDED from src/main/AndroidManifest.xml:5:5-49
application
ADDED from src/main/AndroidManifest.xml:9:3-47:17
	android:supportsRtl
		ADDED from src/main/AndroidManifest.xml:13:5-31
	android:label
		ADDED from src/main/AndroidManifest.xml:12:5-37
	android:hardwareAccelerated
		ADDED from src/main/AndroidManifest.xml:11:5-39
	android:allowBackup
		ADDED from src/main/AndroidManifest.xml:10:5-31
activity#com.viatick.bmsandroidsdk.view.MinisiteMenuActivity
ADDED from src/main/AndroidManifest.xml:14:5-16:53
	android:theme
		ADDED from src/main/AndroidManifest.xml:16:7-50
	android:name
		ADDED from src/main/AndroidManifest.xml:15:7-73
activity#com.viatick.bmsandroidsdk.view.MinisiteActivity
ADDED from src/main/AndroidManifest.xml:17:5-19:53
	android:theme
		ADDED from src/main/AndroidManifest.xml:19:7-50
	android:name
		ADDED from src/main/AndroidManifest.xml:18:7-69
service#com.viatick.bmsandroidsdk.controller.ViaIBeaconCtrl
ADDED from src/main/AndroidManifest.xml:21:5-83
	android:name
		ADDED from src/main/AndroidManifest.xml:21:14-80
service#org.altbeacon.beacon.service.BeaconService
ADDED from src/main/AndroidManifest.xml:22:5-26:32
	android:enabled
		ADDED from src/main/AndroidManifest.xml:24:7-29
	android:label
		ADDED from src/main/AndroidManifest.xml:26:7-29
	android:isolatedProcess
		ADDED from src/main/AndroidManifest.xml:25:7-38
	android:name
		ADDED from src/main/AndroidManifest.xml:23:7-64
service#org.altbeacon.beacon.BeaconIntentProcessor
ADDED from src/main/AndroidManifest.xml:27:5-29:32
	android:enabled
		ADDED from src/main/AndroidManifest.xml:29:7-29
	android:name
		ADDED from src/main/AndroidManifest.xml:28:7-64
receiver#org.altbeacon.beacon.startup.StartupBroadcastReceiver
ADDED from src/main/AndroidManifest.xml:31:5-37:16
	android:name
		ADDED from src/main/AndroidManifest.xml:31:15-83
intent-filter#action:name:android.intent.action.ACTION_POWER_CONNECTED+action:name:android.intent.action.ACTION_POWER_DISCONNECTED+action:name:android.intent.action.BOOT_COMPLETED
ADDED from src/main/AndroidManifest.xml:32:7-36:23
action#android.intent.action.BOOT_COMPLETED
ADDED from src/main/AndroidManifest.xml:33:9-71
	android:name
		ADDED from src/main/AndroidManifest.xml:33:17-68
action#android.intent.action.ACTION_POWER_CONNECTED
ADDED from src/main/AndroidManifest.xml:34:9-79
	android:name
		ADDED from src/main/AndroidManifest.xml:34:17-76
action#android.intent.action.ACTION_POWER_DISCONNECTED
ADDED from src/main/AndroidManifest.xml:35:9-82
	android:name
		ADDED from src/main/AndroidManifest.xml:35:17-79
receiver#com.viatick.bmsandroidsdk.helper.ViaBeaconRebootReceiver
ADDED from src/main/AndroidManifest.xml:38:5-42:16
	android:name
		ADDED from src/main/AndroidManifest.xml:38:15-86
intent-filter#action:name:android.intent.action.BOOT_COMPLETED
ADDED from src/main/AndroidManifest.xml:39:7-41:23
service#com.viatick.bmsandroidsdk.controller.BeaconServiceCtrl
ADDED from src/main/AndroidManifest.xml:44:5-46:34
	android:exported
		ADDED from src/main/AndroidManifest.xml:46:7-31
	android:name
		ADDED from src/main/AndroidManifest.xml:45:7-76
uses-permission#android.permission.INTERNET
ADDED from src/main/AndroidManifest.xml:49:3-65
	android:name
		ADDED from src/main/AndroidManifest.xml:49:20-62
uses-permission#android.permission.RECEIVE_BOOT_COMPLETED
ADDED from src/main/AndroidManifest.xml:50:3-79
	android:name
		ADDED from src/main/AndroidManifest.xml:50:20-76
uses-permission#android.permission.GET_TASKS
ADDED from src/main/AndroidManifest.xml:51:3-66
	android:name
		ADDED from src/main/AndroidManifest.xml:51:20-63
uses-permission#android.permission.READ_PHONE_STATE
ADDED from src/main/AndroidManifest.xml:52:3-73
	android:name
		ADDED from src/main/AndroidManifest.xml:52:20-70
uses-permission#android.permission.READ_CONTACTS
ADDED from src/main/AndroidManifest.xml:53:3-70
	android:name
		ADDED from src/main/AndroidManifest.xml:53:20-67
uses-permission#android.permission.ACCESS_FINE_LOCATION
ADDED from src/main/AndroidManifest.xml:55:3-77
	android:name
		ADDED from src/main/AndroidManifest.xml:55:20-74
uses-permission#android.permission.ACCESS_COARSE_LOCATION
ADDED from src/main/AndroidManifest.xml:56:3-79
	android:name
		ADDED from src/main/AndroidManifest.xml:56:20-76
uses-permission#android.permission.BLUETOOTH
ADDED from src/main/AndroidManifest.xml:57:3-66
	android:name
		ADDED from src/main/AndroidManifest.xml:57:20-63
uses-permission#android.permission.BLUETOOTH_ADMIN
ADDED from src/main/AndroidManifest.xml:58:3-72
	android:name
		ADDED from src/main/AndroidManifest.xml:58:20-69
uses-permission#android.permission.WAKE_LOCK
ADDED from src/main/AndroidManifest.xml:59:3-66
	android:name
		ADDED from src/main/AndroidManifest.xml:59:20-63
uses-permission#android.permission.FOREGROUND_SERVICE
ADDED from src/main/AndroidManifest.xml:60:3-75
	android:name
		ADDED from src/main/AndroidManifest.xml:60:20-72
uses-sdk
INJECTED from src/main/AndroidManifest.xml reason: use-sdk injection requested
INJECTED from src/main/AndroidManifest.xml
INJECTED from src/main/AndroidManifest.xml
INJECTED from src/main/AndroidManifest.xml
INJECTED from src/main/AndroidManifest.xml
	android:targetSdkVersion
		INJECTED from src/main/AndroidManifest.xml
		ADDED from src/main/AndroidManifest.xml
		INJECTED from src/main/AndroidManifest.xml
	android:minSdkVersion
		INJECTED from src/main/AndroidManifest.xml
		ADDED from src/main/AndroidManifest.xml
		INJECTED from src/main/AndroidManifest.xml